<?xml version="1.0" encoding="UTF-8"?>
<!-- Generated by org.testng.reporters.JUnitXMLReporter -->
<testsuite ignored="0" hostname="DESKTOP-DK9PHP1" failures="0" tests="11" name="Default test" time="72.014" errors="0" timestamp="2024-07-08T01:16:49 EET">
  <testcase classname="myTestCases" name="CheckTheLanguage" time="0.069"/>
  <testcase classname="myTestCases" name="CheckTheCurrency" time="0.056"/>
  <testcase classname="myTestCases" name="CheckContantNumber" time="0.048"/>
  <testcase classname="myTestCases" name="QitafLogo" time="0.12"/>
  <testcase classname="myTestCases" name="CheckTheHotelIsNotSelected" time="0.053"/>
  <testcase classname="myTestCases" name="CheckDepartureAndReturnDate" time="2.013"/>
  <testcase classname="myTestCases" name="CheckTheLanguageHasChangedRandomly" time="2.105"/>
  <testcase classname="myTestCases" name="HotelSelection" time="0.523"/>
  <testcase classname="myTestCases" name="HotelVesitor" time="7.324"/>
  <testcase classname="myTestCases" name="HotelPageIsLoaded" time="22.593"/>
  <testcase classname="myTestCases" name="HotelSorting" time="3.266"/>
</testsuite> <!-- Default test -->
