<?xml version="1.0" encoding="UTF-8"?>
<!-- Generated by org.testng.reporters.JUnitXMLReporter -->
<testsuite ignored="0" hostname="DESKTOP-DK9PHP1" failures="0" tests="4" name="Default test" time="34.804" errors="0" timestamp="2024-06-26T02:21:27 EET">
  <testcase classname="myTestCases" name="defaultCurrency" time="0.071"/>
  <testcase classname="myTestCases" name="defaultLanguage" time="0.046"/>
  <testcase classname="myTestCases" name="testContact" time="0.054"/>
  <testcase classname="myTestCases" name="verifyQitafLogo" time="0.069"/>
</testsuite> <!-- Default test -->
