<?xml version="1.0" encoding="UTF-8"?>
<testng-results ignored="0" total="4" passed="4" failed="0" skipped="0">
  <reporter-output>
  </reporter-output>
  <suite started-at="2024-06-26T02:20:52 EET" name="Default suite" finished-at="2024-06-26T02:21:27 EET" duration-ms="34804">
    <groups>
    </groups>
    <test started-at="2024-06-26T02:20:52 EET" name="Default test" finished-at="2024-06-26T02:21:27 EET" duration-ms="34804">
      <class name="myTestCases">
        <test-method is-config="true" signature="mySetUp()[pri:0, instance:myTestCases@35d08e6c]" started-at="2024-06-26T02:20:52 EET" name="mySetUp" finished-at="2024-06-26T02:21:27 EET" duration-ms="34494" status="PASS">
          <reporter-output>
          </reporter-output>
        </test-method> <!-- mySetUp -->
        <test-method signature="defaultCurrency()[pri:0, instance:myTestCases@35d08e6c]" started-at="2024-06-26T02:21:27 EET" name="defaultCurrency" finished-at="2024-06-26T02:21:27 EET" duration-ms="71" status="PASS">
          <reporter-output>
          </reporter-output>
        </test-method> <!-- defaultCurrency -->
        <test-method signature="defaultLanguage()[pri:0, instance:myTestCases@35d08e6c]" started-at="2024-06-26T02:21:27 EET" name="defaultLanguage" finished-at="2024-06-26T02:21:27 EET" duration-ms="46" status="PASS">
          <reporter-output>
          </reporter-output>
        </test-method> <!-- defaultLanguage -->
        <test-method signature="testContact()[pri:0, instance:myTestCases@35d08e6c]" started-at="2024-06-26T02:21:27 EET" name="testContact" finished-at="2024-06-26T02:21:27 EET" duration-ms="54" status="PASS">
          <reporter-output>
          </reporter-output>
        </test-method> <!-- testContact -->
        <test-method signature="verifyQitafLogo()[pri:0, instance:myTestCases@35d08e6c]" started-at="2024-06-26T02:21:27 EET" name="verifyQitafLogo" finished-at="2024-06-26T02:21:27 EET" duration-ms="69" status="PASS">
          <reporter-output>
          </reporter-output>
        </test-method> <!-- verifyQitafLogo -->
      </class> <!-- myTestCases -->
    </test> <!-- Default test -->
  </suite> <!-- Default suite -->
</testng-results>
